<?xml version="1.0" encoding="UTF-8"?>
<!-- Generated by org.testng.reporters.JUnitReportReporter -->
<testsuite hostname="LAPTOP-5TIT49CS" failures="0" tests="2" name="RunMultipleGroups.GroupTest1" time="0.016" errors="0" timestamp="2024-09-21T13:09:13 IST" skipped="0">
  <testcase classname="RunMultipleGroups.GroupTest1" name="login_Account" time="0.013"/>
  <system-out/>
  <testcase classname="RunMultipleGroups.GroupTest1" name="checkMail" time="0.003"/>
  <system-out/>
</testsuite> <!-- RunMultipleGroups.GroupTest1 -->
