<?xml version="1.0" encoding="UTF-8"?>
<!-- Generated by org.testng.reporters.JUnitReportReporter -->
<testsuite hostname="DESKTOP-V0FL9F6" name="com.Banking.tests.MultipleCustomerLoginTest" tests="1" failures="0" timestamp="22 Sep 2024 10:27:16 GMT" time="56.193" errors="0">
  <testcase name="loginTest_TC1" time="56.193" classname="com.Banking.tests.MultipleCustomerLoginTest"/>
</testsuite> <!-- com.Banking.tests.MultipleCustomerLoginTest -->
