<?xml version="1.0" encoding="UTF-8"?>
<!-- Generated by org.testng.reporters.JUnitReportReporter -->
<testsuite hostname="DESKTOP-9VR58L6" name="ReadPRopertyfile" tests="1" failures="0" timestamp="21 Jul 2021 04:25:11 GMT" time="6.302" errors="0">
  <testcase name="Login" time="6.302" classname="ReadPRopertyfile"/>
</testsuite> <!-- ReadPRopertyfile -->
