<?xml version="1.0" encoding="UTF-8"?>
<!-- Generated by org.testng.reporters.JUnitReportReporter -->
<testsuite hostname="LAPTOP-5TIT49CS" failures="0" tests="1" name="RunMultipleGroups.GroupTest2" time="0.001" errors="0" timestamp="2024-09-21T13:09:13 IST" skipped="0">
  <testcase classname="RunMultipleGroups.GroupTest2" name="composeMail" time="0.001"/>
  <system-out/>
</testsuite> <!-- RunMultipleGroups.GroupTest2 -->
