<?xml version="1.0" encoding="UTF-8"?>
<!-- Generated by org.testng.reporters.JUnitReportReporter -->
<testsuite hostname="LAPTOP-5TIT49CS" failures="0" tests="4" name="com.Banking.tests.PriorityTesting" time="0.018" errors="0" timestamp="2024-09-21T12:21:05 IST" skipped="0">
  <testcase classname="com.Banking.tests.PriorityTesting" name="login" time="0.015"/>
  <system-out/>
  <testcase classname="com.Banking.tests.PriorityTesting" name="checkEmail" time="0.001"/>
  <system-out/>
  <testcase classname="com.Banking.tests.PriorityTesting" name="search" time="0.001"/>
  <system-out/>
  <testcase classname="com.Banking.tests.PriorityTesting" name="logout" time="0.001"/>
  <system-out/>
</testsuite> <!-- com.Banking.tests.PriorityTesting -->
